[ 2019-04-24T00:00:05+08:00 ] 127.0.0.1 /index.php?m=&c=Mh&a=pay&p_reload=1&reload_time=1556035173817
INFO: [ app_init ] --START--
INFO: Run Behavior\BuildLiteBehavior [ RunTime:0.000010s ]
INFO: [ app_init ] --END-- [ RunTime:0.000608s ]
INFO: [ app_begin ] --START--
INFO: Run Behavior\ReadHtmlCacheBehavior [ RunTime:0.000664s ]
INFO: [ app_begin ] --END-- [ RunTime:0.000707s ]
SQL: SHOW COLUMNS FROM `vv_config` [ RunTime:0.0096s ]
SQL: SELECT * FROM `vv_config`  [ RunTime:0.0024s ]
NOTIC: [8] Undefined index: imei D:\phpStudy\WWW\Application\Home\Controller\HomeController.class.php 第 32 行.
NOTIC: [8] Undefined index: chapid D:\phpStudy\WWW\Application\Home\Controller\HomeController.class.php 第 42 行.
NOTIC: [8] unserialize(): Error at offset 75 of 79 bytes D:\phpStudy\WWW\Application\Home\Controller\HomeController.class.php 第 63 行.
NOTIC: [8] unserialize(): Error at offset 45 of 108 bytes D:\phpStudy\WWW\Application\Home\Controller\HomeController.class.php 第 63 行.
NOTIC: [8] Undefined index: user_id D:\phpStudy\WWW\Application\Home\Controller\HomeController.class.php 第 71 行.
SQL: SHOW COLUMNS FROM `vv_user` [ RunTime:0.0089s ]
SQL: SELECT * FROM `vv_user` WHERE `id` = 1 LIMIT 1   [ RunTime:0.0003s ]
NOTIC: [8] Use of undefined constant id - assumed 'id' D:\phpStudy\WWW\Application\Home\Controller\HomeController.class.php 第 129 行.
SQL: SHOW COLUMNS FROM `vv_data` [ RunTime:0.0083s ]
SQL: SELECT * FROM `vv_data` WHERE ( date=20190423 ) LIMIT 1   [ RunTime:0.0002s ]
SQL: SHOW COLUMNS FROM `vv_order` [ RunTime:0.0086s ]
SQL: SELECT COUNT(*) AS tp_count FROM `vv_order` WHERE `create_time` BETWEEN 1555948800 AND 1556035200 LIMIT 1   [ RunTime:0.0003s ]
SQL: SELECT SUM(money) AS tp_sum FROM `vv_order` WHERE `create_time` BETWEEN 1555948800 AND 1556035200 LIMIT 1   [ RunTime:0.0002s ]
SQL: SELECT COUNT(*) AS tp_count FROM `vv_user` WHERE ( sub_time between 1555948800 and 1556035200 ) LIMIT 1   [ RunTime:0.0003s ]
SQL: INSERT INTO `vv_data` (`orders`,`total`,`subs`,`date`) VALUES ('0','0','0','20190423') [ RunTime:0.0003s ]
NOTIC: [8] Undefined variable: adsPic D:\phpStudy\WWW\Application\Home\Controller\HomeController.class.php 第 208 行.
NOTIC: [8] Undefined index: uid D:\phpStudy\WWW\Application\Home\Controller\HomeController.class.php 第 209 行.
SQL: SELECT * FROM `vv_user` LIMIT 1   [ RunTime:0.0003s ]
INFO: [ view_parse ] --START--
INFO: [ template_filter ] --START--
INFO: Run Behavior\ContentReplaceBehavior [ RunTime:0.000100s ]
INFO: [ template_filter ] --END-- [ RunTime:0.000135s ]
NOTIC: [8] Undefined variable: share D:\phpStudy\WWW\Application\Runtime\Cache\Home\5e340cae735a2fd6d61d5f51c505d394.php 第 291 行.
NOTIC: [8] Undefined variable: share D:\phpStudy\WWW\Application\Runtime\Cache\Home\5e340cae735a2fd6d61d5f51c505d394.php 第 292 行.
NOTIC: [8] Undefined variable: share D:\phpStudy\WWW\Application\Runtime\Cache\Home\5e340cae735a2fd6d61d5f51c505d394.php 第 293 行.
NOTIC: [8] Undefined variable: jssdk D:\phpStudy\WWW\Application\Runtime\Cache\Home\5e340cae735a2fd6d61d5f51c505d394.php 第 296 行.
NOTIC: [8] Undefined variable: jssdk D:\phpStudy\WWW\Application\Runtime\Cache\Home\5e340cae735a2fd6d61d5f51c505d394.php 第 297 行.
NOTIC: [8] Undefined variable: jssdk D:\phpStudy\WWW\Application\Runtime\Cache\Home\5e340cae735a2fd6d61d5f51c505d394.php 第 298 行.
NOTIC: [8] Undefined variable: jssdk D:\phpStudy\WWW\Application\Runtime\Cache\Home\5e340cae735a2fd6d61d5f51c505d394.php 第 299 行.
NOTIC: [8] Undefined index: thirdcode D:\phpStudy\WWW\Application\Runtime\Cache\Home\5e340cae735a2fd6d61d5f51c505d394.php 第 340 行.
INFO: Run Behavior\ParseTemplateBehavior [ RunTime:0.011628s ]
INFO: [ view_parse ] --END-- [ RunTime:0.011694s ]
INFO: [ view_filter ] --START--
INFO: Run Behavior\WriteHtmlCacheBehavior [ RunTime:0.000789s ]
INFO: [ view_filter ] --END-- [ RunTime:0.000844s ]
INFO: [ app_end ] --START--
INFO: Run Behavior\ShowPageTraceBehavior [ RunTime:0.001131s ]
INFO: [ app_end ] --END-- [ RunTime:0.001167s ]

[ 2019-04-24T00:00:58+08:00 ] 127.0.0.1 /index.php?m=&c=Mh&a=pay&p_reload=1&reload_time=1556035173817
INFO: [ app_init ] --START--
INFO: Run Behavior\BuildLiteBehavior [ RunTime:0.000009s ]
INFO: [ app_init ] --END-- [ RunTime:0.000648s ]
INFO: [ app_begin ] --START--
INFO: Run Behavior\ReadHtmlCacheBehavior [ RunTime:0.000871s ]
INFO: [ app_begin ] --END-- [ RunTime:0.000910s ]
SQL: SHOW COLUMNS FROM `vv_config` [ RunTime:0.0106s ]
SQL: SELECT * FROM `vv_config`  [ RunTime:0.0004s ]
NOTIC: [8] Undefined index: imei D:\phpStudy\WWW\Application\Home\Controller\HomeController.class.php 第 32 行.
NOTIC: [8] Undefined index: chapid D:\phpStudy\WWW\Application\Home\Controller\HomeController.class.php 第 42 行.
NOTIC: [8] unserialize(): Error at offset 75 of 79 bytes D:\phpStudy\WWW\Application\Home\Controller\HomeController.class.php 第 63 行.
NOTIC: [8] unserialize(): Error at offset 45 of 108 bytes D:\phpStudy\WWW\Application\Home\Controller\HomeController.class.php 第 63 行.
NOTIC: [8] Undefined index: user_id D:\phpStudy\WWW\Application\Home\Controller\HomeController.class.php 第 71 行.
SQL: SHOW COLUMNS FROM `vv_user` [ RunTime:0.0079s ]
SQL: SELECT * FROM `vv_user` WHERE `id` = 1 LIMIT 1   [ RunTime:0.0003s ]
NOTIC: [8] Use of undefined constant id - assumed 'id' D:\phpStudy\WWW\Application\Home\Controller\HomeController.class.php 第 129 行.
SQL: SHOW COLUMNS FROM `vv_data` [ RunTime:0.0121s ]
SQL: SELECT * FROM `vv_data` WHERE ( date=20190423 ) LIMIT 1   [ RunTime:0.0004s ]
NOTIC: [8] Undefined variable: adsPic D:\phpStudy\WWW\Application\Home\Controller\HomeController.class.php 第 208 行.
NOTIC: [8] Undefined index: uid D:\phpStudy\WWW\Application\Home\Controller\HomeController.class.php 第 209 行.
SQL: SELECT * FROM `vv_user` LIMIT 1   [ RunTime:0.0004s ]
INFO: [ view_parse ] --START--
INFO: [ template_filter ] --START--
INFO: Run Behavior\ContentReplaceBehavior [ RunTime:0.000107s ]
INFO: [ template_filter ] --END-- [ RunTime:0.000146s ]
NOTIC: [8] Undefined variable: share D:\phpStudy\WWW\Application\Runtime\Cache\Home\5e340cae735a2fd6d61d5f51c505d394.php 第 294 行.
NOTIC: [8] Undefined variable: share D:\phpStudy\WWW\Application\Runtime\Cache\Home\5e340cae735a2fd6d61d5f51c505d394.php 第 295 行.
NOTIC: [8] Undefined variable: share D:\phpStudy\WWW\Application\Runtime\Cache\Home\5e340cae735a2fd6d61d5f51c505d394.php 第 296 行.
NOTIC: [8] Undefined variable: jssdk D:\phpStudy\WWW\Application\Runtime\Cache\Home\5e340cae735a2fd6d61d5f51c505d394.php 第 299 行.
NOTIC: [8] Undefined variable: jssdk D:\phpStudy\WWW\Application\Runtime\Cache\Home\5e340cae735a2fd6d61d5f51c505d394.php 第 300 行.
NOTIC: [8] Undefined variable: jssdk D:\phpStudy\WWW\Application\Runtime\Cache\Home\5e340cae735a2fd6d61d5f51c505d394.php 第 301 行.
NOTIC: [8] Undefined variable: jssdk D:\phpStudy\WWW\Application\Runtime\Cache\Home\5e340cae735a2fd6d61d5f51c505d394.php 第 302 行.
NOTIC: [8] Undefined index: thirdcode D:\phpStudy\WWW\Application\Runtime\Cache\Home\5e340cae735a2fd6d61d5f51c505d394.php 第 343 行.
INFO: Run Behavior\ParseTemplateBehavior [ RunTime:0.013543s ]
INFO: [ view_parse ] --END-- [ RunTime:0.013598s ]
INFO: [ view_filter ] --START--
INFO: Run Behavior\WriteHtmlCacheBehavior [ RunTime:0.000813s ]
INFO: [ view_filter ] --END-- [ RunTime:0.000841s ]
INFO: [ app_end ] --START--
INFO: Run Behavior\ShowPageTraceBehavior [ RunTime:0.000919s ]
INFO: [ app_end ] --END-- [ RunTime:0.000956s ]

[ 2019-04-24T00:01:08+08:00 ] 127.0.0.1 /index.php?m=&c=Mh&a=pay&p_reload=1&reload_time=1556035173817
INFO: [ app_init ] --START--
INFO: Run Behavior\BuildLiteBehavior [ RunTime:0.000010s ]
INFO: [ app_init ] --END-- [ RunTime:0.000752s ]
INFO: [ app_begin ] --START--
INFO: Run Behavior\ReadHtmlCacheBehavior [ RunTime:0.001296s ]
INFO: [ app_begin ] --END-- [ RunTime:0.001402s ]
SQL: SHOW COLUMNS FROM `vv_config` [ RunTime:0.0075s ]
SQL: SELECT * FROM `vv_config`  [ RunTime:0.0004s ]
NOTIC: [8] Undefined index: imei D:\phpStudy\WWW\Application\Home\Controller\HomeController.class.php 第 32 行.
NOTIC: [8] Undefined index: chapid D:\phpStudy\WWW\Application\Home\Controller\HomeController.class.php 第 42 行.
NOTIC: [8] unserialize(): Error at offset 75 of 79 bytes D:\phpStudy\WWW\Application\Home\Controller\HomeController.class.php 第 63 行.
NOTIC: [8] unserialize(): Error at offset 45 of 108 bytes D:\phpStudy\WWW\Application\Home\Controller\HomeController.class.php 第 63 行.
NOTIC: [8] Undefined index: user_id D:\phpStudy\WWW\Application\Home\Controller\HomeController.class.php 第 71 行.
SQL: SHOW COLUMNS FROM `vv_user` [ RunTime:0.0099s ]
SQL: SELECT * FROM `vv_user` WHERE `id` = 1 LIMIT 1   [ RunTime:0.0007s ]
NOTIC: [8] Use of undefined constant id - assumed 'id' D:\phpStudy\WWW\Application\Home\Controller\HomeController.class.php 第 129 行.
SQL: SHOW COLUMNS FROM `vv_data` [ RunTime:0.0075s ]
SQL: SELECT * FROM `vv_data` WHERE ( date=20190423 ) LIMIT 1   [ RunTime:0.0004s ]
NOTIC: [8] Undefined variable: adsPic D:\phpStudy\WWW\Application\Home\Controller\HomeController.class.php 第 208 行.
NOTIC: [8] Undefined index: uid D:\phpStudy\WWW\Application\Home\Controller\HomeController.class.php 第 209 行.
SQL: SELECT * FROM `vv_user` LIMIT 1   [ RunTime:0.0003s ]
INFO: [ view_parse ] --START--
INFO: [ template_filter ] --START--
INFO: Run Behavior\ContentReplaceBehavior [ RunTime:0.000104s ]
INFO: [ template_filter ] --END-- [ RunTime:0.000139s ]
NOTIC: [8] Undefined variable: share D:\phpStudy\WWW\Application\Runtime\Cache\Home\5e340cae735a2fd6d61d5f51c505d394.php 第 294 行.
NOTIC: [8] Undefined variable: share D:\phpStudy\WWW\Application\Runtime\Cache\Home\5e340cae735a2fd6d61d5f51c505d394.php 第 295 行.
NOTIC: [8] Undefined variable: share D:\phpStudy\WWW\Application\Runtime\Cache\Home\5e340cae735a2fd6d61d5f51c505d394.php 第 296 行.
NOTIC: [8] Undefined variable: jssdk D:\phpStudy\WWW\Application\Runtime\Cache\Home\5e340cae735a2fd6d61d5f51c505d394.php 第 299 行.
NOTIC: [8] Undefined variable: jssdk D:\phpStudy\WWW\Application\Runtime\Cache\Home\5e340cae735a2fd6d61d5f51c505d394.php 第 300 行.
NOTIC: [8] Undefined variable: jssdk D:\phpStudy\WWW\Application\Runtime\Cache\Home\5e340cae735a2fd6d61d5f51c505d394.php 第 301 行.
NOTIC: [8] Undefined variable: jssdk D:\phpStudy\WWW\Application\Runtime\Cache\Home\5e340cae735a2fd6d61d5f51c505d394.php 第 302 行.
NOTIC: [8] Undefined index: thirdcode D:\phpStudy\WWW\Application\Runtime\Cache\Home\5e340cae735a2fd6d61d5f51c505d394.php 第 343 行.
INFO: Run Behavior\ParseTemplateBehavior [ RunTime:0.011390s ]
INFO: [ view_parse ] --END-- [ RunTime:0.011449s ]
INFO: [ view_filter ] --START--
INFO: Run Behavior\WriteHtmlCacheBehavior [ RunTime:0.000715s ]
INFO: [ view_filter ] --END-- [ RunTime:0.000746s ]
INFO: [ app_end ] --START--
INFO: Run Behavior\ShowPageTraceBehavior [ RunTime:0.000881s ]
INFO: [ app_end ] --END-- [ RunTime:0.000918s ]

[ 2019-04-24T00:02:10+08:00 ] 127.0.0.1 /index.php?m=&c=Mh&a=pay&p_reload=1&reload_time=1556035173817
INFO: [ app_init ] --START--
INFO: Run Behavior\BuildLiteBehavior [ RunTime:0.000010s ]
INFO: [ app_init ] --END-- [ RunTime:0.000607s ]
INFO: [ app_begin ] --START--
INFO: Run Behavior\ReadHtmlCacheBehavior [ RunTime:0.001498s ]
INFO: [ app_begin ] --END-- [ RunTime:0.001576s ]
SQL: SHOW COLUMNS FROM `vv_config` [ RunTime:0.0088s ]
SQL: SELECT * FROM `vv_config`  [ RunTime:0.0004s ]
NOTIC: [8] Undefined index: imei D:\phpStudy\WWW\Application\Home\Controller\HomeController.class.php 第 32 行.
NOTIC: [8] Undefined index: chapid D:\phpStudy\WWW\Application\Home\Controller\HomeController.class.php 第 42 行.
NOTIC: [8] unserialize(): Error at offset 75 of 79 bytes D:\phpStudy\WWW\Application\Home\Controller\HomeController.class.php 第 63 行.
NOTIC: [8] unserialize(): Error at offset 45 of 108 bytes D:\phpStudy\WWW\Application\Home\Controller\HomeController.class.php 第 63 行.
NOTIC: [8] Undefined index: user_id D:\phpStudy\WWW\Application\Home\Controller\HomeController.class.php 第 71 行.
SQL: SHOW COLUMNS FROM `vv_user` [ RunTime:0.0086s ]
SQL: SELECT * FROM `vv_user` WHERE `id` = 1 LIMIT 1   [ RunTime:0.0004s ]
NOTIC: [8] Use of undefined constant id - assumed 'id' D:\phpStudy\WWW\Application\Home\Controller\HomeController.class.php 第 129 行.
SQL: SHOW COLUMNS FROM `vv_data` [ RunTime:0.0099s ]
SQL: SELECT * FROM `vv_data` WHERE ( date=20190423 ) LIMIT 1   [ RunTime:0.0003s ]
NOTIC: [8] Undefined variable: adsPic D:\phpStudy\WWW\Application\Home\Controller\HomeController.class.php 第 208 行.
NOTIC: [8] Undefined index: uid D:\phpStudy\WWW\Application\Home\Controller\HomeController.class.php 第 209 行.
SQL: SELECT * FROM `vv_user` LIMIT 1   [ RunTime:0.0003s ]
INFO: [ view_parse ] --START--
INFO: [ template_filter ] --START--
INFO: Run Behavior\ContentReplaceBehavior [ RunTime:0.000101s ]
INFO: [ template_filter ] --END-- [ RunTime:0.000151s ]
NOTIC: [8] Undefined variable: share D:\phpStudy\WWW\Application\Runtime\Cache\Home\5e340cae735a2fd6d61d5f51c505d394.php 第 294 行.
NOTIC: [8] Undefined variable: share D:\phpStudy\WWW\Application\Runtime\Cache\Home\5e340cae735a2fd6d61d5f51c505d394.php 第 295 行.
NOTIC: [8] Undefined variable: share D:\phpStudy\WWW\Application\Runtime\Cache\Home\5e340cae735a2fd6d61d5f51c505d394.php 第 296 行.
NOTIC: [8] Undefined variable: jssdk D:\phpStudy\WWW\Application\Runtime\Cache\Home\5e340cae735a2fd6d61d5f51c505d394.php 第 299 行.
NOTIC: [8] Undefined variable: jssdk D:\phpStudy\WWW\Application\Runtime\Cache\Home\5e340cae735a2fd6d61d5f51c505d394.php 第 300 行.
NOTIC: [8] Undefined variable: jssdk D:\phpStudy\WWW\Application\Runtime\Cache\Home\5e340cae735a2fd6d61d5f51c505d394.php 第 301 行.
NOTIC: [8] Undefined variable: jssdk D:\phpStudy\WWW\Application\Runtime\Cache\Home\5e340cae735a2fd6d61d5f51c505d394.php 第 302 行.
NOTIC: [8] Undefined index: thirdcode D:\phpStudy\WWW\Application\Runtime\Cache\Home\5e340cae735a2fd6d61d5f51c505d394.php 第 343 行.
INFO: Run Behavior\ParseTemplateBehavior [ RunTime:0.012688s ]
INFO: [ view_parse ] --END-- [ RunTime:0.012725s ]
INFO: [ view_filter ] --START--
INFO: Run Behavior\WriteHtmlCacheBehavior [ RunTime:0.000921s ]
INFO: [ view_filter ] --END-- [ RunTime:0.000950s ]
INFO: [ app_end ] --START--
INFO: Run Behavior\ShowPageTraceBehavior [ RunTime:0.001421s ]
INFO: [ app_end ] --END-- [ RunTime:0.001479s ]

[ 2019-04-24T00:02:26+08:00 ] 127.0.0.1 /index.php?m=&c=Mh&a=pay&p_reload=1&reload_time=1556035173817
INFO: [ app_init ] --START--
INFO: Run Behavior\BuildLiteBehavior [ RunTime:0.000009s ]
INFO: [ app_init ] --END-- [ RunTime:0.000413s ]
INFO: [ app_begin ] --START--
INFO: Run Behavior\ReadHtmlCacheBehavior [ RunTime:0.000665s ]
INFO: [ app_begin ] --END-- [ RunTime:0.000724s ]
SQL: SHOW COLUMNS FROM `vv_config` [ RunTime:0.0076s ]
SQL: SELECT * FROM `vv_config`  [ RunTime:0.0004s ]
NOTIC: [8] Undefined index: imei D:\phpStudy\WWW\Application\Home\Controller\HomeController.class.php 第 32 行.
NOTIC: [8] Undefined index: chapid D:\phpStudy\WWW\Application\Home\Controller\HomeController.class.php 第 42 行.
NOTIC: [8] unserialize(): Error at offset 75 of 79 bytes D:\phpStudy\WWW\Application\Home\Controller\HomeController.class.php 第 63 行.
NOTIC: [8] unserialize(): Error at offset 45 of 108 bytes D:\phpStudy\WWW\Application\Home\Controller\HomeController.class.php 第 63 行.
NOTIC: [8] Undefined index: user_id D:\phpStudy\WWW\Application\Home\Controller\HomeController.class.php 第 71 行.
SQL: SHOW COLUMNS FROM `vv_user` [ RunTime:0.0110s ]
SQL: SELECT * FROM `vv_user` WHERE `id` = 1 LIMIT 1   [ RunTime:0.0003s ]
NOTIC: [8] Use of undefined constant id - assumed 'id' D:\phpStudy\WWW\Application\Home\Controller\HomeController.class.php 第 129 行.
SQL: SHOW COLUMNS FROM `vv_data` [ RunTime:0.0101s ]
SQL: SELECT * FROM `vv_data` WHERE ( date=20190423 ) LIMIT 1   [ RunTime:0.0003s ]
NOTIC: [8] Undefined variable: adsPic D:\phpStudy\WWW\Application\Home\Controller\HomeController.class.php 第 208 行.
NOTIC: [8] Undefined index: uid D:\phpStudy\WWW\Application\Home\Controller\HomeController.class.php 第 209 行.
SQL: SELECT * FROM `vv_user` LIMIT 1   [ RunTime:0.0003s ]
INFO: [ view_parse ] --START--
INFO: [ template_filter ] --START--
INFO: Run Behavior\ContentReplaceBehavior [ RunTime:0.000103s ]
INFO: [ template_filter ] --END-- [ RunTime:0.000138s ]
NOTIC: [8] Undefined variable: share D:\phpStudy\WWW\Application\Runtime\Cache\Home\5e340cae735a2fd6d61d5f51c505d394.php 第 294 行.
NOTIC: [8] Undefined variable: share D:\phpStudy\WWW\Application\Runtime\Cache\Home\5e340cae735a2fd6d61d5f51c505d394.php 第 295 行.
NOTIC: [8] Undefined variable: share D:\phpStudy\WWW\Application\Runtime\Cache\Home\5e340cae735a2fd6d61d5f51c505d394.php 第 296 行.
NOTIC: [8] Undefined variable: jssdk D:\phpStudy\WWW\Application\Runtime\Cache\Home\5e340cae735a2fd6d61d5f51c505d394.php 第 299 行.
NOTIC: [8] Undefined variable: jssdk D:\phpStudy\WWW\Application\Runtime\Cache\Home\5e340cae735a2fd6d61d5f51c505d394.php 第 300 行.
NOTIC: [8] Undefined variable: jssdk D:\phpStudy\WWW\Application\Runtime\Cache\Home\5e340cae735a2fd6d61d5f51c505d394.php 第 301 行.
NOTIC: [8] Undefined variable: jssdk D:\phpStudy\WWW\Application\Runtime\Cache\Home\5e340cae735a2fd6d61d5f51c505d394.php 第 302 行.
NOTIC: [8] Undefined index: thirdcode D:\phpStudy\WWW\Application\Runtime\Cache\Home\5e340cae735a2fd6d61d5f51c505d394.php 第 343 行.
INFO: Run Behavior\ParseTemplateBehavior [ RunTime:0.010120s ]
INFO: [ view_parse ] --END-- [ RunTime:0.010156s ]
INFO: [ view_filter ] --START--
INFO: Run Behavior\WriteHtmlCacheBehavior [ RunTime:0.000530s ]
INFO: [ view_filter ] --END-- [ RunTime:0.000560s ]
INFO: [ app_end ] --START--
INFO: Run Behavior\ShowPageTraceBehavior [ RunTime:0.000889s ]
INFO: [ app_end ] --END-- [ RunTime:0.000931s ]

[ 2019-04-24T00:02:34+08:00 ] 127.0.0.1 /index.php?m=&c=Mh&a=pay&p_reload=1&reload_time=1556035173817
INFO: [ app_init ] --START--
INFO: Run Behavior\BuildLiteBehavior [ RunTime:0.000011s ]
INFO: [ app_init ] --END-- [ RunTime:0.000707s ]
INFO: [ app_begin ] --START--
INFO: Run Behavior\ReadHtmlCacheBehavior [ RunTime:0.001151s ]
INFO: [ app_begin ] --END-- [ RunTime:0.001199s ]
SQL: SHOW COLUMNS FROM `vv_config` [ RunTime:0.0085s ]
SQL: SELECT * FROM `vv_config`  [ RunTime:0.0003s ]
NOTIC: [8] Undefined index: imei D:\phpStudy\WWW\Application\Home\Controller\HomeController.class.php 第 32 行.
NOTIC: [8] Undefined index: chapid D:\phpStudy\WWW\Application\Home\Controller\HomeController.class.php 第 42 行.
NOTIC: [8] unserialize(): Error at offset 75 of 79 bytes D:\phpStudy\WWW\Application\Home\Controller\HomeController.class.php 第 63 行.
NOTIC: [8] unserialize(): Error at offset 45 of 108 bytes D:\phpStudy\WWW\Application\Home\Controller\HomeController.class.php 第 63 行.
NOTIC: [8] Undefined index: user_id D:\phpStudy\WWW\Application\Home\Controller\HomeController.class.php 第 71 行.
SQL: SHOW COLUMNS FROM `vv_user` [ RunTime:0.0111s ]
SQL: SELECT * FROM `vv_user` WHERE `id` = 1 LIMIT 1   [ RunTime:0.0005s ]
NOTIC: [8] Use of undefined constant id - assumed 'id' D:\phpStudy\WWW\Application\Home\Controller\HomeController.class.php 第 129 行.
SQL: SHOW COLUMNS FROM `vv_data` [ RunTime:0.0105s ]
SQL: SELECT * FROM `vv_data` WHERE ( date=20190423 ) LIMIT 1   [ RunTime:0.0003s ]
NOTIC: [8] Undefined variable: adsPic D:\phpStudy\WWW\Application\Home\Controller\HomeController.class.php 第 208 行.
NOTIC: [8] Undefined index: uid D:\phpStudy\WWW\Application\Home\Controller\HomeController.class.php 第 209 行.
SQL: SELECT * FROM `vv_user` LIMIT 1   [ RunTime:0.0003s ]
INFO: [ view_parse ] --START--
INFO: [ template_filter ] --START--
INFO: Run Behavior\ContentReplaceBehavior [ RunTime:0.000103s ]
INFO: [ template_filter ] --END-- [ RunTime:0.000140s ]
NOTIC: [8] Undefined variable: share D:\phpStudy\WWW\Application\Runtime\Cache\Home\5e340cae735a2fd6d61d5f51c505d394.php 第 294 行.
NOTIC: [8] Undefined variable: share D:\phpStudy\WWW\Application\Runtime\Cache\Home\5e340cae735a2fd6d61d5f51c505d394.php 第 295 行.
NOTIC: [8] Undefined variable: share D:\phpStudy\WWW\Application\Runtime\Cache\Home\5e340cae735a2fd6d61d5f51c505d394.php 第 296 行.
NOTIC: [8] Undefined variable: jssdk D:\phpStudy\WWW\Application\Runtime\Cache\Home\5e340cae735a2fd6d61d5f51c505d394.php 第 299 行.
NOTIC: [8] Undefined variable: jssdk D:\phpStudy\WWW\Application\Runtime\Cache\Home\5e340cae735a2fd6d61d5f51c505d394.php 第 300 行.
NOTIC: [8] Undefined variable: jssdk D:\phpStudy\WWW\Application\Runtime\Cache\Home\5e340cae735a2fd6d61d5f51c505d394.php 第 301 行.
NOTIC: [8] Undefined variable: jssdk D:\phpStudy\WWW\Application\Runtime\Cache\Home\5e340cae735a2fd6d61d5f51c505d394.php 第 302 行.
NOTIC: [8] Undefined index: thirdcode D:\phpStudy\WWW\Application\Runtime\Cache\Home\5e340cae735a2fd6d61d5f51c505d394.php 第 343 行.
INFO: Run Behavior\ParseTemplateBehavior [ RunTime:0.011687s ]
INFO: [ view_parse ] --END-- [ RunTime:0.011729s ]
INFO: [ view_filter ] --START--
INFO: Run Behavior\WriteHtmlCacheBehavior [ RunTime:0.000841s ]
INFO: [ view_filter ] --END-- [ RunTime:0.000920s ]
INFO: [ app_end ] --START--
INFO: Run Behavior\ShowPageTraceBehavior [ RunTime:0.001263s ]
INFO: [ app_end ] --END-- [ RunTime:0.001336s ]

[ 2019-04-24T00:03:01+08:00 ] 127.0.0.1 /index.php?m=&c=Mh&a=pay&p_reload=1&reload_time=1556035173817
INFO: [ app_init ] --START--
INFO: Run Behavior\BuildLiteBehavior [ RunTime:0.000015s ]
INFO: [ app_init ] --END-- [ RunTime:0.000828s ]
INFO: [ app_begin ] --START--
INFO: Run Behavior\ReadHtmlCacheBehavior [ RunTime:0.000927s ]
INFO: [ app_begin ] --END-- [ RunTime:0.000974s ]
SQL: SHOW COLUMNS FROM `vv_config` [ RunTime:0.0106s ]
SQL: SELECT * FROM `vv_config`  [ RunTime:0.0004s ]
NOTIC: [8] Undefined index: imei D:\phpStudy\WWW\Application\Home\Controller\HomeController.class.php 第 32 行.
NOTIC: [8] Undefined index: chapid D:\phpStudy\WWW\Application\Home\Controller\HomeController.class.php 第 42 行.
NOTIC: [8] unserialize(): Error at offset 75 of 79 bytes D:\phpStudy\WWW\Application\Home\Controller\HomeController.class.php 第 63 行.
NOTIC: [8] unserialize(): Error at offset 45 of 108 bytes D:\phpStudy\WWW\Application\Home\Controller\HomeController.class.php 第 63 行.
NOTIC: [8] Undefined index: user_id D:\phpStudy\WWW\Application\Home\Controller\HomeController.class.php 第 71 行.
SQL: SHOW COLUMNS FROM `vv_user` [ RunTime:0.0090s ]
SQL: SELECT * FROM `vv_user` WHERE `id` = 1 LIMIT 1   [ RunTime:0.0004s ]
NOTIC: [8] Use of undefined constant id - assumed 'id' D:\phpStudy\WWW\Application\Home\Controller\HomeController.class.php 第 129 行.
SQL: SHOW COLUMNS FROM `vv_data` [ RunTime:0.0093s ]
SQL: SELECT * FROM `vv_data` WHERE ( date=20190423 ) LIMIT 1   [ RunTime:0.0003s ]
NOTIC: [8] Undefined variable: adsPic D:\phpStudy\WWW\Application\Home\Controller\HomeController.class.php 第 208 行.
NOTIC: [8] Undefined index: uid D:\phpStudy\WWW\Application\Home\Controller\HomeController.class.php 第 209 行.
SQL: SELECT * FROM `vv_user` LIMIT 1   [ RunTime:0.0003s ]
INFO: [ view_parse ] --START--
INFO: [ template_filter ] --START--
INFO: Run Behavior\ContentReplaceBehavior [ RunTime:0.000107s ]
INFO: [ template_filter ] --END-- [ RunTime:0.000173s ]
NOTIC: [8] Undefined variable: share D:\phpStudy\WWW\Application\Runtime\Cache\Home\5e340cae735a2fd6d61d5f51c505d394.php 第 295 行.
NOTIC: [8] Undefined variable: share D:\phpStudy\WWW\Application\Runtime\Cache\Home\5e340cae735a2fd6d61d5f51c505d394.php 第 296 行.
NOTIC: [8] Undefined variable: share D:\phpStudy\WWW\Application\Runtime\Cache\Home\5e340cae735a2fd6d61d5f51c505d394.php 第 297 行.
NOTIC: [8] Undefined variable: jssdk D:\phpStudy\WWW\Application\Runtime\Cache\Home\5e340cae735a2fd6d61d5f51c505d394.php 第 300 行.
NOTIC: [8] Undefined variable: jssdk D:\phpStudy\WWW\Application\Runtime\Cache\Home\5e340cae735a2fd6d61d5f51c505d394.php 第 301 行.
NOTIC: [8] Undefined variable: jssdk D:\phpStudy\WWW\Application\Runtime\Cache\Home\5e340cae735a2fd6d61d5f51c505d394.php 第 302 行.
NOTIC: [8] Undefined variable: jssdk D:\phpStudy\WWW\Application\Runtime\Cache\Home\5e340cae735a2fd6d61d5f51c505d394.php 第 303 行.
NOTIC: [8] Undefined index: thirdcode D:\phpStudy\WWW\Application\Runtime\Cache\Home\5e340cae735a2fd6d61d5f51c505d394.php 第 344 行.
INFO: Run Behavior\ParseTemplateBehavior [ RunTime:0.011781s ]
INFO: [ view_parse ] --END-- [ RunTime:0.011819s ]
INFO: [ view_filter ] --START--
INFO: Run Behavior\WriteHtmlCacheBehavior [ RunTime:0.000801s ]
INFO: [ view_filter ] --END-- [ RunTime:0.000829s ]
INFO: [ app_end ] --START--
INFO: Run Behavior\ShowPageTraceBehavior [ RunTime:0.001053s ]
INFO: [ app_end ] --END-- [ RunTime:0.001111s ]

[ 2019-04-24T00:03:13+08:00 ] 127.0.0.1 /index.php?m=&c=Mh&a=pay&p_reload=1&reload_time=1556035173817
INFO: [ app_init ] --START--
INFO: Run Behavior\BuildLiteBehavior [ RunTime:0.000016s ]
INFO: [ app_init ] --END-- [ RunTime:0.000931s ]
INFO: [ app_begin ] --START--
INFO: Run Behavior\ReadHtmlCacheBehavior [ RunTime:0.000908s ]
INFO: [ app_begin ] --END-- [ RunTime:0.000956s ]
SQL: SHOW COLUMNS FROM `vv_config` [ RunTime:0.0080s ]
SQL: SELECT * FROM `vv_config`  [ RunTime:0.0007s ]
NOTIC: [8] Undefined index: imei D:\phpStudy\WWW\Application\Home\Controller\HomeController.class.php 第 32 行.
NOTIC: [8] Undefined index: chapid D:\phpStudy\WWW\Application\Home\Controller\HomeController.class.php 第 42 行.
NOTIC: [8] unserialize(): Error at offset 75 of 79 bytes D:\phpStudy\WWW\Application\Home\Controller\HomeController.class.php 第 63 行.
NOTIC: [8] unserialize(): Error at offset 45 of 108 bytes D:\phpStudy\WWW\Application\Home\Controller\HomeController.class.php 第 63 行.
NOTIC: [8] Undefined index: user_id D:\phpStudy\WWW\Application\Home\Controller\HomeController.class.php 第 71 行.
SQL: SHOW COLUMNS FROM `vv_user` [ RunTime:0.0090s ]
SQL: SELECT * FROM `vv_user` WHERE `id` = 1 LIMIT 1   [ RunTime:0.0003s ]
NOTIC: [8] Use of undefined constant id - assumed 'id' D:\phpStudy\WWW\Application\Home\Controller\HomeController.class.php 第 129 行.
SQL: SHOW COLUMNS FROM `vv_data` [ RunTime:0.0084s ]
SQL: SELECT * FROM `vv_data` WHERE ( date=20190423 ) LIMIT 1   [ RunTime:0.0003s ]
NOTIC: [8] Undefined variable: adsPic D:\phpStudy\WWW\Application\Home\Controller\HomeController.class.php 第 208 行.
NOTIC: [8] Undefined index: uid D:\phpStudy\WWW\Application\Home\Controller\HomeController.class.php 第 209 行.
SQL: SELECT * FROM `vv_user` LIMIT 1   [ RunTime:0.0004s ]
INFO: [ view_parse ] --START--
INFO: [ template_filter ] --START--
INFO: Run Behavior\ContentReplaceBehavior [ RunTime:0.000105s ]
INFO: [ template_filter ] --END-- [ RunTime:0.000143s ]
NOTIC: [8] Undefined variable: share D:\phpStudy\WWW\Application\Runtime\Cache\Home\5e340cae735a2fd6d61d5f51c505d394.php 第 295 行.
NOTIC: [8] Undefined variable: share D:\phpStudy\WWW\Application\Runtime\Cache\Home\5e340cae735a2fd6d61d5f51c505d394.php 第 296 行.
NOTIC: [8] Undefined variable: share D:\phpStudy\WWW\Application\Runtime\Cache\Home\5e340cae735a2fd6d61d5f51c505d394.php 第 297 行.
NOTIC: [8] Undefined variable: jssdk D:\phpStudy\WWW\Application\Runtime\Cache\Home\5e340cae735a2fd6d61d5f51c505d394.php 第 300 行.
NOTIC: [8] Undefined variable: jssdk D:\phpStudy\WWW\Application\Runtime\Cache\Home\5e340cae735a2fd6d61d5f51c505d394.php 第 301 行.
NOTIC: [8] Undefined variable: jssdk D:\phpStudy\WWW\Application\Runtime\Cache\Home\5e340cae735a2fd6d61d5f51c505d394.php 第 302 行.
NOTIC: [8] Undefined variable: jssdk D:\phpStudy\WWW\Application\Runtime\Cache\Home\5e340cae735a2fd6d61d5f51c505d394.php 第 303 行.
NOTIC: [8] Undefined index: thirdcode D:\phpStudy\WWW\Application\Runtime\Cache\Home\5e340cae735a2fd6d61d5f51c505d394.php 第 344 行.
INFO: Run Behavior\ParseTemplateBehavior [ RunTime:0.012653s ]
INFO: [ view_parse ] --END-- [ RunTime:0.012694s ]
INFO: [ view_filter ] --START--
INFO: Run Behavior\WriteHtmlCacheBehavior [ RunTime:0.000936s ]
INFO: [ view_filter ] --END-- [ RunTime:0.000970s ]
INFO: [ app_end ] --START--
INFO: Run Behavior\ShowPageTraceBehavior [ RunTime:0.001228s ]
INFO: [ app_end ] --END-- [ RunTime:0.001310s ]

[ 2019-04-24T00:03:57+08:00 ] 127.0.0.1 /index.php?m=&c=Mh&a=pay&p_reload=1&reload_time=1556035173817
INFO: [ app_init ] --START--
INFO: Run Behavior\BuildLiteBehavior [ RunTime:0.000010s ]
INFO: [ app_init ] --END-- [ RunTime:0.000615s ]
INFO: [ app_begin ] --START--
INFO: Run Behavior\ReadHtmlCacheBehavior [ RunTime:0.001022s ]
INFO: [ app_begin ] --END-- [ RunTime:0.001104s ]
SQL: SHOW COLUMNS FROM `vv_config` [ RunTime:0.0082s ]
SQL: SELECT * FROM `vv_config`  [ RunTime:0.0104s ]
NOTIC: [8] Undefined index: imei D:\phpStudy\WWW\Application\Home\Controller\HomeController.class.php 第 32 行.
NOTIC: [8] Undefined index: chapid D:\phpStudy\WWW\Application\Home\Controller\HomeController.class.php 第 42 行.
NOTIC: [8] unserialize(): Error at offset 75 of 79 bytes D:\phpStudy\WWW\Application\Home\Controller\HomeController.class.php 第 63 行.
NOTIC: [8] unserialize(): Error at offset 45 of 108 bytes D:\phpStudy\WWW\Application\Home\Controller\HomeController.class.php 第 63 行.
NOTIC: [8] Undefined index: user_id D:\phpStudy\WWW\Application\Home\Controller\HomeController.class.php 第 71 行.
SQL: SHOW COLUMNS FROM `vv_user` [ RunTime:0.0094s ]
SQL: SELECT * FROM `vv_user` WHERE `id` = 1 LIMIT 1   [ RunTime:0.0004s ]
NOTIC: [8] Use of undefined constant id - assumed 'id' D:\phpStudy\WWW\Application\Home\Controller\HomeController.class.php 第 129 行.
SQL: SHOW COLUMNS FROM `vv_data` [ RunTime:0.0113s ]
SQL: SELECT * FROM `vv_data` WHERE ( date=20190423 ) LIMIT 1   [ RunTime:0.0003s ]
NOTIC: [8] Undefined variable: adsPic D:\phpStudy\WWW\Application\Home\Controller\HomeController.class.php 第 208 行.
NOTIC: [8] Undefined index: uid D:\phpStudy\WWW\Application\Home\Controller\HomeController.class.php 第 209 行.
SQL: SELECT * FROM `vv_user` LIMIT 1   [ RunTime:0.0003s ]
INFO: [ view_parse ] --START--
INFO: [ template_filter ] --START--
INFO: Run Behavior\ContentReplaceBehavior [ RunTime:0.000145s ]
INFO: [ template_filter ] --END-- [ RunTime:0.000183s ]
NOTIC: [8] Undefined variable: share D:\phpStudy\WWW\Application\Runtime\Cache\Home\5e340cae735a2fd6d61d5f51c505d394.php 第 297 行.
NOTIC: [8] Undefined variable: share D:\phpStudy\WWW\Application\Runtime\Cache\Home\5e340cae735a2fd6d61d5f51c505d394.php 第 298 行.
NOTIC: [8] Undefined variable: share D:\phpStudy\WWW\Application\Runtime\Cache\Home\5e340cae735a2fd6d61d5f51c505d394.php 第 299 行.
NOTIC: [8] Undefined variable: jssdk D:\phpStudy\WWW\Application\Runtime\Cache\Home\5e340cae735a2fd6d61d5f51c505d394.php 第 302 行.
NOTIC: [8] Undefined variable: jssdk D:\phpStudy\WWW\Application\Runtime\Cache\Home\5e340cae735a2fd6d61d5f51c505d394.php 第 303 行.
NOTIC: [8] Undefined variable: jssdk D:\phpStudy\WWW\Application\Runtime\Cache\Home\5e340cae735a2fd6d61d5f51c505d394.php 第 304 行.
NOTIC: [8] Undefined variable: jssdk D:\phpStudy\WWW\Application\Runtime\Cache\Home\5e340cae735a2fd6d61d5f51c505d394.php 第 305 行.
NOTIC: [8] Undefined index: thirdcode D:\phpStudy\WWW\Application\Runtime\Cache\Home\5e340cae735a2fd6d61d5f51c505d394.php 第 346 行.
INFO: Run Behavior\ParseTemplateBehavior [ RunTime:0.013498s ]
INFO: [ view_parse ] --END-- [ RunTime:0.013534s ]
INFO: [ view_filter ] --START--
INFO: Run Behavior\WriteHtmlCacheBehavior [ RunTime:0.000714s ]
INFO: [ view_filter ] --END-- [ RunTime:0.000743s ]
INFO: [ app_end ] --START--
INFO: Run Behavior\ShowPageTraceBehavior [ RunTime:0.001022s ]
INFO: [ app_end ] --END-- [ RunTime:0.001108s ]

[ 2019-04-24T00:04:20+08:00 ] 127.0.0.1 /index.php?m=&c=Mh&a=pay&p_reload=1&reload_time=1556035173817
INFO: [ app_init ] --START--
INFO: Run Behavior\BuildLiteBehavior [ RunTime:0.000010s ]
INFO: [ app_init ] --END-- [ RunTime:0.000606s ]
INFO: [ app_begin ] --START--
INFO: Run Behavior\ReadHtmlCacheBehavior [ RunTime:0.001181s ]
INFO: [ app_begin ] --END-- [ RunTime:0.001295s ]
SQL: SHOW COLUMNS FROM `vv_config` [ RunTime:0.0080s ]
SQL: SELECT * FROM `vv_config`  [ RunTime:0.0003s ]
NOTIC: [8] Undefined index: imei D:\phpStudy\WWW\Application\Home\Controller\HomeController.class.php 第 32 行.
NOTIC: [8] Undefined index: chapid D:\phpStudy\WWW\Application\Home\Controller\HomeController.class.php 第 42 行.
NOTIC: [8] unserialize(): Error at offset 75 of 79 bytes D:\phpStudy\WWW\Application\Home\Controller\HomeController.class.php 第 63 行.
NOTIC: [8] unserialize(): Error at offset 45 of 108 bytes D:\phpStudy\WWW\Application\Home\Controller\HomeController.class.php 第 63 行.
NOTIC: [8] Undefined index: user_id D:\phpStudy\WWW\Application\Home\Controller\HomeController.class.php 第 71 行.
SQL: SHOW COLUMNS FROM `vv_user` [ RunTime:0.0091s ]
SQL: SELECT * FROM `vv_user` WHERE `id` = 1 LIMIT 1   [ RunTime:0.0004s ]
NOTIC: [8] Use of undefined constant id - assumed 'id' D:\phpStudy\WWW\Application\Home\Controller\HomeController.class.php 第 129 行.
SQL: SHOW COLUMNS FROM `vv_data` [ RunTime:0.0086s ]
SQL: SELECT * FROM `vv_data` WHERE ( date=20190423 ) LIMIT 1   [ RunTime:0.0003s ]
NOTIC: [8] Undefined variable: adsPic D:\phpStudy\WWW\Application\Home\Controller\HomeController.class.php 第 208 行.
NOTIC: [8] Undefined index: uid D:\phpStudy\WWW\Application\Home\Controller\HomeController.class.php 第 209 行.
SQL: SELECT * FROM `vv_user` LIMIT 1   [ RunTime:0.0004s ]
INFO: [ view_parse ] --START--
INFO: [ template_filter ] --START--
INFO: Run Behavior\ContentReplaceBehavior [ RunTime:0.000109s ]
INFO: [ template_filter ] --END-- [ RunTime:0.000149s ]
NOTIC: [8] Undefined variable: share D:\phpStudy\WWW\Application\Runtime\Cache\Home\5e340cae735a2fd6d61d5f51c505d394.php 第 297 行.
NOTIC: [8] Undefined variable: share D:\phpStudy\WWW\Application\Runtime\Cache\Home\5e340cae735a2fd6d61d5f51c505d394.php 第 298 行.
NOTIC: [8] Undefined variable: share D:\phpStudy\WWW\Application\Runtime\Cache\Home\5e340cae735a2fd6d61d5f51c505d394.php 第 299 行.
NOTIC: [8] Undefined variable: jssdk D:\phpStudy\WWW\Application\Runtime\Cache\Home\5e340cae735a2fd6d61d5f51c505d394.php 第 302 行.
NOTIC: [8] Undefined variable: jssdk D:\phpStudy\WWW\Application\Runtime\Cache\Home\5e340cae735a2fd6d61d5f51c505d394.php 第 303 行.
NOTIC: [8] Undefined variable: jssdk D:\phpStudy\WWW\Application\Runtime\Cache\Home\5e340cae735a2fd6d61d5f51c505d394.php 第 304 行.
NOTIC: [8] Undefined variable: jssdk D:\phpStudy\WWW\Application\Runtime\Cache\Home\5e340cae735a2fd6d61d5f51c505d394.php 第 305 行.
NOTIC: [8] Undefined index: thirdcode D:\phpStudy\WWW\Application\Runtime\Cache\Home\5e340cae735a2fd6d61d5f51c505d394.php 第 346 行.
INFO: Run Behavior\ParseTemplateBehavior [ RunTime:0.013248s ]
INFO: [ view_parse ] --END-- [ RunTime:0.013306s ]
INFO: [ view_filter ] --START--
INFO: Run Behavior\WriteHtmlCacheBehavior [ RunTime:0.000727s ]
INFO: [ view_filter ] --END-- [ RunTime:0.000755s ]
INFO: [ app_end ] --START--
INFO: Run Behavior\ShowPageTraceBehavior [ RunTime:0.001332s ]
INFO: [ app_end ] --END-- [ RunTime:0.001370s ]

[ 2019-04-24T00:05:02+08:00 ] 127.0.0.1 /index.php?m=&c=Mh&a=pay&p_reload=1&reload_time=1556035173817
INFO: [ app_init ] --START--
INFO: Run Behavior\BuildLiteBehavior [ RunTime:0.000010s ]
INFO: [ app_init ] --END-- [ RunTime:0.000676s ]
INFO: [ app_begin ] --START--
INFO: Run Behavior\ReadHtmlCacheBehavior [ RunTime:0.000678s ]
INFO: [ app_begin ] --END-- [ RunTime:0.000722s ]
SQL: SHOW COLUMNS FROM `vv_config` [ RunTime:0.0085s ]
SQL: SELECT * FROM `vv_config`  [ RunTime:0.0034s ]
NOTIC: [8] Undefined index: imei D:\phpStudy\WWW\Application\Home\Controller\HomeController.class.php 第 32 行.
NOTIC: [8] Undefined index: chapid D:\phpStudy\WWW\Application\Home\Controller\HomeController.class.php 第 42 行.
NOTIC: [8] unserialize(): Error at offset 75 of 79 bytes D:\phpStudy\WWW\Application\Home\Controller\HomeController.class.php 第 63 行.
NOTIC: [8] unserialize(): Error at offset 45 of 108 bytes D:\phpStudy\WWW\Application\Home\Controller\HomeController.class.php 第 63 行.
NOTIC: [8] Undefined index: user_id D:\phpStudy\WWW\Application\Home\Controller\HomeController.class.php 第 71 行.
SQL: SHOW COLUMNS FROM `vv_user` [ RunTime:0.0107s ]
SQL: SELECT * FROM `vv_user` WHERE `id` = 1 LIMIT 1   [ RunTime:0.0003s ]
NOTIC: [8] Use of undefined constant id - assumed 'id' D:\phpStudy\WWW\Application\Home\Controller\HomeController.class.php 第 129 行.
SQL: SHOW COLUMNS FROM `vv_data` [ RunTime:0.0086s ]
SQL: SELECT * FROM `vv_data` WHERE ( date=20190423 ) LIMIT 1   [ RunTime:0.0002s ]
NOTIC: [8] Undefined variable: adsPic D:\phpStudy\WWW\Application\Home\Controller\HomeController.class.php 第 208 行.
NOTIC: [8] Undefined index: uid D:\phpStudy\WWW\Application\Home\Controller\HomeController.class.php 第 209 行.
SQL: SELECT * FROM `vv_user` LIMIT 1   [ RunTime:0.0003s ]
INFO: [ view_parse ] --START--
INFO: [ template_filter ] --START--
INFO: Run Behavior\ContentReplaceBehavior [ RunTime:0.000102s ]
INFO: [ template_filter ] --END-- [ RunTime:0.000141s ]
NOTIC: [8] Undefined variable: share D:\phpStudy\WWW\Application\Runtime\Cache\Home\5e340cae735a2fd6d61d5f51c505d394.php 第 297 行.
NOTIC: [8] Undefined variable: share D:\phpStudy\WWW\Application\Runtime\Cache\Home\5e340cae735a2fd6d61d5f51c505d394.php 第 298 行.
NOTIC: [8] Undefined variable: share D:\phpStudy\WWW\Application\Runtime\Cache\Home\5e340cae735a2fd6d61d5f51c505d394.php 第 299 行.
NOTIC: [8] Undefined variable: jssdk D:\phpStudy\WWW\Application\Runtime\Cache\Home\5e340cae735a2fd6d61d5f51c505d394.php 第 302 行.
NOTIC: [8] Undefined variable: jssdk D:\phpStudy\WWW\Application\Runtime\Cache\Home\5e340cae735a2fd6d61d5f51c505d394.php 第 303 行.
NOTIC: [8] Undefined variable: jssdk D:\phpStudy\WWW\Application\Runtime\Cache\Home\5e340cae735a2fd6d61d5f51c505d394.php 第 304 行.
NOTIC: [8] Undefined variable: jssdk D:\phpStudy\WWW\Application\Runtime\Cache\Home\5e340cae735a2fd6d61d5f51c505d394.php 第 305 行.
NOTIC: [8] Undefined index: thirdcode D:\phpStudy\WWW\Application\Runtime\Cache\Home\5e340cae735a2fd6d61d5f51c505d394.php 第 346 行.
INFO: Run Behavior\ParseTemplateBehavior [ RunTime:0.010178s ]
INFO: [ view_parse ] --END-- [ RunTime:0.010264s ]
INFO: [ view_filter ] --START--
INFO: Run Behavior\WriteHtmlCacheBehavior [ RunTime:0.001258s ]
INFO: [ view_filter ] --END-- [ RunTime:0.001311s ]
INFO: [ app_end ] --START--
INFO: Run Behavior\ShowPageTraceBehavior [ RunTime:0.001060s ]
INFO: [ app_end ] --END-- [ RunTime:0.001144s ]

[ 2019-04-24T00:06:31+08:00 ] 127.0.0.1 /index.php?m=&c=Mh&a=pay&p_reload=1&reload_time=1556035173817
INFO: [ app_init ] --START--
INFO: Run Behavior\BuildLiteBehavior [ RunTime:0.000018s ]
INFO: [ app_init ] --END-- [ RunTime:0.000871s ]
INFO: [ app_begin ] --START--
INFO: Run Behavior\ReadHtmlCacheBehavior [ RunTime:0.001166s ]
INFO: [ app_begin ] --END-- [ RunTime:0.001239s ]
SQL: SHOW COLUMNS FROM `vv_config` [ RunTime:0.0079s ]
SQL: SELECT * FROM `vv_config`  [ RunTime:0.0006s ]
NOTIC: [8] Undefined index: imei D:\phpStudy\WWW\Application\Home\Controller\HomeController.class.php 第 32 行.
NOTIC: [8] Undefined index: chapid D:\phpStudy\WWW\Application\Home\Controller\HomeController.class.php 第 42 行.
NOTIC: [8] unserialize(): Error at offset 75 of 79 bytes D:\phpStudy\WWW\Application\Home\Controller\HomeController.class.php 第 63 行.
NOTIC: [8] unserialize(): Error at offset 45 of 108 bytes D:\phpStudy\WWW\Application\Home\Controller\HomeController.class.php 第 63 行.
NOTIC: [8] Undefined index: user_id D:\phpStudy\WWW\Application\Home\Controller\HomeController.class.php 第 71 行.
SQL: SHOW COLUMNS FROM `vv_user` [ RunTime:0.0110s ]
SQL: SELECT * FROM `vv_user` WHERE `id` = 1 LIMIT 1   [ RunTime:0.0004s ]
NOTIC: [8] Use of undefined constant id - assumed 'id' D:\phpStudy\WWW\Application\Home\Controller\HomeController.class.php 第 129 行.
SQL: SHOW COLUMNS FROM `vv_data` [ RunTime:0.0081s ]
SQL: SELECT * FROM `vv_data` WHERE ( date=20190423 ) LIMIT 1   [ RunTime:0.0003s ]
NOTIC: [8] Undefined variable: adsPic D:\phpStudy\WWW\Application\Home\Controller\HomeController.class.php 第 208 行.
NOTIC: [8] Undefined index: uid D:\phpStudy\WWW\Application\Home\Controller\HomeController.class.php 第 209 行.
SQL: SELECT * FROM `vv_user` LIMIT 1   [ RunTime:0.0003s ]
INFO: [ view_parse ] --START--
INFO: [ template_filter ] --START--
INFO: Run Behavior\ContentReplaceBehavior [ RunTime:0.000247s ]
INFO: [ template_filter ] --END-- [ RunTime:0.000348s ]
NOTIC: [8] Undefined variable: share D:\phpStudy\WWW\Application\Runtime\Cache\Home\5e340cae735a2fd6d61d5f51c505d394.php 第 299 行.
NOTIC: [8] Undefined variable: share D:\phpStudy\WWW\Application\Runtime\Cache\Home\5e340cae735a2fd6d61d5f51c505d394.php 第 300 行.
NOTIC: [8] Undefined variable: share D:\phpStudy\WWW\Application\Runtime\Cache\Home\5e340cae735a2fd6d61d5f51c505d394.php 第 301 行.
NOTIC: [8] Undefined variable: jssdk D:\phpStudy\WWW\Application\Runtime\Cache\Home\5e340cae735a2fd6d61d5f51c505d394.php 第 304 行.
NOTIC: [8] Undefined variable: jssdk D:\phpStudy\WWW\Application\Runtime\Cache\Home\5e340cae735a2fd6d61d5f51c505d394.php 第 305 行.
NOTIC: [8] Undefined variable: jssdk D:\phpStudy\WWW\Application\Runtime\Cache\Home\5e340cae735a2fd6d61d5f51c505d394.php 第 306 行.
NOTIC: [8] Undefined variable: jssdk D:\phpStudy\WWW\Application\Runtime\Cache\Home\5e340cae735a2fd6d61d5f51c505d394.php 第 307 行.
NOTIC: [8] Undefined index: thirdcode D:\phpStudy\WWW\Application\Runtime\Cache\Home\5e340cae735a2fd6d61d5f51c505d394.php 第 348 行.
INFO: Run Behavior\ParseTemplateBehavior [ RunTime:0.013235s ]
INFO: [ view_parse ] --END-- [ RunTime:0.013315s ]
INFO: [ view_filter ] --START--
INFO: Run Behavior\WriteHtmlCacheBehavior [ RunTime:0.000916s ]
INFO: [ view_filter ] --END-- [ RunTime:0.000944s ]
INFO: [ app_end ] --START--
INFO: Run Behavior\ShowPageTraceBehavior [ RunTime:0.001235s ]
INFO: [ app_end ] --END-- [ RunTime:0.001309s ]

[ 2019-04-24T00:08:39+08:00 ] 127.0.0.1 /index.php?m=&c=Mh&a=pay&p_reload=1&reload_time=1556035173817
INFO: [ app_init ] --START--
INFO: Run Behavior\BuildLiteBehavior [ RunTime:0.000011s ]
INFO: [ app_init ] --END-- [ RunTime:0.000546s ]
INFO: [ app_begin ] --START--
INFO: Run Behavior\ReadHtmlCacheBehavior [ RunTime:0.000995s ]
INFO: [ app_begin ] --END-- [ RunTime:0.001044s ]
SQL: SHOW COLUMNS FROM `vv_config` [ RunTime:0.0086s ]
SQL: SELECT * FROM `vv_config`  [ RunTime:0.0006s ]
NOTIC: [8] Undefined index: imei D:\phpStudy\WWW\Application\Home\Controller\HomeController.class.php 第 32 行.
NOTIC: [8] Undefined index: chapid D:\phpStudy\WWW\Application\Home\Controller\HomeController.class.php 第 42 行.
NOTIC: [8] unserialize(): Error at offset 75 of 79 bytes D:\phpStudy\WWW\Application\Home\Controller\HomeController.class.php 第 63 行.
NOTIC: [8] unserialize(): Error at offset 45 of 108 bytes D:\phpStudy\WWW\Application\Home\Controller\HomeController.class.php 第 63 行.
NOTIC: [8] Undefined index: user_id D:\phpStudy\WWW\Application\Home\Controller\HomeController.class.php 第 71 行.
SQL: SHOW COLUMNS FROM `vv_user` [ RunTime:0.0093s ]
SQL: SELECT * FROM `vv_user` WHERE `id` = 1 LIMIT 1   [ RunTime:0.0004s ]
NOTIC: [8] Use of undefined constant id - assumed 'id' D:\phpStudy\WWW\Application\Home\Controller\HomeController.class.php 第 129 行.
SQL: SHOW COLUMNS FROM `vv_data` [ RunTime:0.0079s ]
SQL: SELECT * FROM `vv_data` WHERE ( date=20190423 ) LIMIT 1   [ RunTime:0.0003s ]
NOTIC: [8] Undefined variable: adsPic D:\phpStudy\WWW\Application\Home\Controller\HomeController.class.php 第 208 行.
NOTIC: [8] Undefined index: uid D:\phpStudy\WWW\Application\Home\Controller\HomeController.class.php 第 209 行.
SQL: SELECT * FROM `vv_user` LIMIT 1   [ RunTime:0.0003s ]
INFO: [ view_parse ] --START--
INFO: [ template_filter ] --START--
INFO: Run Behavior\ContentReplaceBehavior [ RunTime:0.000137s ]
INFO: [ template_filter ] --END-- [ RunTime:0.000194s ]
NOTIC: [8] Undefined variable: share D:\phpStudy\WWW\Application\Runtime\Cache\Home\5e340cae735a2fd6d61d5f51c505d394.php 第 299 行.
NOTIC: [8] Undefined variable: share D:\phpStudy\WWW\Application\Runtime\Cache\Home\5e340cae735a2fd6d61d5f51c505d394.php 第 300 行.
NOTIC: [8] Undefined variable: share D:\phpStudy\WWW\Application\Runtime\Cache\Home\5e340cae735a2fd6d61d5f51c505d394.php 第 301 行.
NOTIC: [8] Undefined variable: jssdk D:\phpStudy\WWW\Application\Runtime\Cache\Home\5e340cae735a2fd6d61d5f51c505d394.php 第 304 行.
NOTIC: [8] Undefined variable: jssdk D:\phpStudy\WWW\Application\Runtime\Cache\Home\5e340cae735a2fd6d61d5f51c505d394.php 第 305 行.
NOTIC: [8] Undefined variable: jssdk D:\phpStudy\WWW\Application\Runtime\Cache\Home\5e340cae735a2fd6d61d5f51c505d394.php 第 306 行.
NOTIC: [8] Undefined variable: jssdk D:\phpStudy\WWW\Application\Runtime\Cache\Home\5e340cae735a2fd6d61d5f51c505d394.php 第 307 行.
NOTIC: [8] Undefined index: thirdcode D:\phpStudy\WWW\Application\Runtime\Cache\Home\5e340cae735a2fd6d61d5f51c505d394.php 第 348 行.
INFO: Run Behavior\ParseTemplateBehavior [ RunTime:0.014006s ]
INFO: [ view_parse ] --END-- [ RunTime:0.014071s ]
INFO: [ view_filter ] --START--
INFO: Run Behavior\WriteHtmlCacheBehavior [ RunTime:0.000693s ]
INFO: [ view_filter ] --END-- [ RunTime:0.000722s ]
INFO: [ app_end ] --START--
INFO: Run Behavior\ShowPageTraceBehavior [ RunTime:0.001263s ]
INFO: [ app_end ] --END-- [ RunTime:0.001313s ]

[ 2019-04-24T00:09:12+08:00 ] 127.0.0.1 /index.php?m=&c=Mh&a=pay&p_reload=1&reload_time=1556035173817
INFO: [ app_init ] --START--
INFO: Run Behavior\BuildLiteBehavior [ RunTime:0.000025s ]
INFO: [ app_init ] --END-- [ RunTime:0.000617s ]
INFO: [ app_begin ] --START--
INFO: Run Behavior\ReadHtmlCacheBehavior [ RunTime:0.001312s ]
INFO: [ app_begin ] --END-- [ RunTime:0.001379s ]
SQL: SHOW COLUMNS FROM `vv_config` [ RunTime:0.0108s ]
SQL: SELECT * FROM `vv_config`  [ RunTime:0.0004s ]
NOTIC: [8] Undefined index: imei D:\phpStudy\WWW\Application\Home\Controller\HomeController.class.php 第 32 行.
NOTIC: [8] Undefined index: chapid D:\phpStudy\WWW\Application\Home\Controller\HomeController.class.php 第 42 行.
NOTIC: [8] unserialize(): Error at offset 75 of 79 bytes D:\phpStudy\WWW\Application\Home\Controller\HomeController.class.php 第 63 行.
NOTIC: [8] unserialize(): Error at offset 45 of 108 bytes D:\phpStudy\WWW\Application\Home\Controller\HomeController.class.php 第 63 行.
NOTIC: [8] Undefined index: user_id D:\phpStudy\WWW\Application\Home\Controller\HomeController.class.php 第 71 行.
SQL: SHOW COLUMNS FROM `vv_user` [ RunTime:0.0079s ]
SQL: SELECT * FROM `vv_user` WHERE `id` = 1 LIMIT 1   [ RunTime:0.0004s ]
NOTIC: [8] Use of undefined constant id - assumed 'id' D:\phpStudy\WWW\Application\Home\Controller\HomeController.class.php 第 129 行.
SQL: SHOW COLUMNS FROM `vv_data` [ RunTime:0.0096s ]
SQL: SELECT * FROM `vv_data` WHERE ( date=20190423 ) LIMIT 1   [ RunTime:0.0002s ]
NOTIC: [8] Undefined variable: adsPic D:\phpStudy\WWW\Application\Home\Controller\HomeController.class.php 第 208 行.
NOTIC: [8] Undefined index: uid D:\phpStudy\WWW\Application\Home\Controller\HomeController.class.php 第 209 行.
SQL: SELECT * FROM `vv_user` LIMIT 1   [ RunTime:0.0002s ]
INFO: [ view_parse ] --START--
INFO: [ template_filter ] --START--
INFO: Run Behavior\ContentReplaceBehavior [ RunTime:0.000124s ]
INFO: [ template_filter ] --END-- [ RunTime:0.000178s ]
NOTIC: [8] Undefined variable: share D:\phpStudy\WWW\Application\Runtime\Cache\Home\5e340cae735a2fd6d61d5f51c505d394.php 第 299 行.
NOTIC: [8] Undefined variable: share D:\phpStudy\WWW\Application\Runtime\Cache\Home\5e340cae735a2fd6d61d5f51c505d394.php 第 300 行.
NOTIC: [8] Undefined variable: share D:\phpStudy\WWW\Application\Runtime\Cache\Home\5e340cae735a2fd6d61d5f51c505d394.php 第 301 行.
NOTIC: [8] Undefined variable: jssdk D:\phpStudy\WWW\Application\Runtime\Cache\Home\5e340cae735a2fd6d61d5f51c505d394.php 第 304 行.
NOTIC: [8] Undefined variable: jssdk D:\phpStudy\WWW\Application\Runtime\Cache\Home\5e340cae735a2fd6d61d5f51c505d394.php 第 305 行.
NOTIC: [8] Undefined variable: jssdk D:\phpStudy\WWW\Application\Runtime\Cache\Home\5e340cae735a2fd6d61d5f51c505d394.php 第 306 行.
NOTIC: [8] Undefined variable: jssdk D:\phpStudy\WWW\Application\Runtime\Cache\Home\5e340cae735a2fd6d61d5f51c505d394.php 第 307 行.
NOTIC: [8] Undefined index: thirdcode D:\phpStudy\WWW\Application\Runtime\Cache\Home\5e340cae735a2fd6d61d5f51c505d394.php 第 348 行.
INFO: Run Behavior\ParseTemplateBehavior [ RunTime:0.013673s ]
INFO: [ view_parse ] --END-- [ RunTime:0.013711s ]
INFO: [ view_filter ] --START--
INFO: Run Behavior\WriteHtmlCacheBehavior [ RunTime:0.001091s ]
INFO: [ view_filter ] --END-- [ RunTime:0.001124s ]
INFO: [ app_end ] --START--
INFO: Run Behavior\ShowPageTraceBehavior [ RunTime:0.001534s ]
INFO: [ app_end ] --END-- [ RunTime:0.001610s ]

[ 2019-04-24T00:09:24+08:00 ] 127.0.0.1 /index.php?m=&c=Mh&a=pay&p_reload=1&reload_time=1556035173817
INFO: [ app_init ] --START--
INFO: Run Behavior\BuildLiteBehavior [ RunTime:0.000009s ]
INFO: [ app_init ] --END-- [ RunTime:0.000577s ]
INFO: [ app_begin ] --START--
INFO: Run Behavior\ReadHtmlCacheBehavior [ RunTime:0.000945s ]
INFO: [ app_begin ] --END-- [ RunTime:0.000986s ]
SQL: SHOW COLUMNS FROM `vv_config` [ RunTime:0.0084s ]
SQL: SELECT * FROM `vv_config`  [ RunTime:0.0006s ]
NOTIC: [8] Undefined index: imei D:\phpStudy\WWW\Application\Home\Controller\HomeController.class.php 第 32 行.
NOTIC: [8] Undefined index: chapid D:\phpStudy\WWW\Application\Home\Controller\HomeController.class.php 第 42 行.
NOTIC: [8] unserialize(): Error at offset 75 of 79 bytes D:\phpStudy\WWW\Application\Home\Controller\HomeController.class.php 第 63 行.
NOTIC: [8] unserialize(): Error at offset 45 of 108 bytes D:\phpStudy\WWW\Application\Home\Controller\HomeController.class.php 第 63 行.
NOTIC: [8] Undefined index: user_id D:\phpStudy\WWW\Application\Home\Controller\HomeController.class.php 第 71 行.
SQL: SHOW COLUMNS FROM `vv_user` [ RunTime:0.0084s ]
SQL: SELECT * FROM `vv_user` WHERE `id` = 1 LIMIT 1   [ RunTime:0.0004s ]
NOTIC: [8] Use of undefined constant id - assumed 'id' D:\phpStudy\WWW\Application\Home\Controller\HomeController.class.php 第 129 行.
SQL: SHOW COLUMNS FROM `vv_data` [ RunTime:0.0091s ]
SQL: SELECT * FROM `vv_data` WHERE ( date=20190423 ) LIMIT 1   [ RunTime:0.0002s ]
NOTIC: [8] Undefined variable: adsPic D:\phpStudy\WWW\Application\Home\Controller\HomeController.class.php 第 208 行.
NOTIC: [8] Undefined index: uid D:\phpStudy\WWW\Application\Home\Controller\HomeController.class.php 第 209 行.
SQL: SELECT * FROM `vv_user` LIMIT 1   [ RunTime:0.0004s ]
INFO: [ view_parse ] --START--
INFO: [ template_filter ] --START--
INFO: Run Behavior\ContentReplaceBehavior [ RunTime:0.000097s ]
INFO: [ template_filter ] --END-- [ RunTime:0.000133s ]
NOTIC: [8] Undefined variable: share D:\phpStudy\WWW\Application\Runtime\Cache\Home\5e340cae735a2fd6d61d5f51c505d394.php 第 299 行.
NOTIC: [8] Undefined variable: share D:\phpStudy\WWW\Application\Runtime\Cache\Home\5e340cae735a2fd6d61d5f51c505d394.php 第 300 行.
NOTIC: [8] Undefined variable: share D:\phpStudy\WWW\Application\Runtime\Cache\Home\5e340cae735a2fd6d61d5f51c505d394.php 第 301 行.
NOTIC: [8] Undefined variable: jssdk D:\phpStudy\WWW\Application\Runtime\Cache\Home\5e340cae735a2fd6d61d5f51c505d394.php 第 304 行.
NOTIC: [8] Undefined variable: jssdk D:\phpStudy\WWW\Application\Runtime\Cache\Home\5e340cae735a2fd6d61d5f51c505d394.php 第 305 行.
NOTIC: [8] Undefined variable: jssdk D:\phpStudy\WWW\Application\Runtime\Cache\Home\5e340cae735a2fd6d61d5f51c505d394.php 第 306 行.
NOTIC: [8] Undefined variable: jssdk D:\phpStudy\WWW\Application\Runtime\Cache\Home\5e340cae735a2fd6d61d5f51c505d394.php 第 307 行.
NOTIC: [8] Undefined index: thirdcode D:\phpStudy\WWW\Application\Runtime\Cache\Home\5e340cae735a2fd6d61d5f51c505d394.php 第 348 行.
INFO: Run Behavior\ParseTemplateBehavior [ RunTime:0.011698s ]
INFO: [ view_parse ] --END-- [ RunTime:0.011736s ]
INFO: [ view_filter ] --START--
INFO: Run Behavior\WriteHtmlCacheBehavior [ RunTime:0.000751s ]
INFO: [ view_filter ] --END-- [ RunTime:0.000782s ]
INFO: [ app_end ] --START--
INFO: Run Behavior\ShowPageTraceBehavior [ RunTime:0.000900s ]
INFO: [ app_end ] --END-- [ RunTime:0.000954s ]

